<?xml version="1.0" encoding="UTF-8"?>
<testng-results skipped="0" failed="3" total="8" passed="5">
  <reporter-output>
  </reporter-output>
  <suite name="Surefire suite" duration-ms="90436" started-at="2020-04-08T22:28:59Z" finished-at="2020-04-08T22:30:29Z">
    <groups>
    </groups>
    <test name="Surefire test" duration-ms="90436" started-at="2020-04-08T22:28:59Z" finished-at="2020-04-08T22:30:29Z">
      <class name="OrangeHRM_TestCases.Admin_Job_JobTitles_Test">
        <test-method status="PASS" signature="Setuptest()[pri:0, instance:OrangeHRM_TestCases.Admin_Job_JobTitles_Test@7c0e2abd]" name="Setuptest" is-config="true" duration-ms="3660" started-at="2020-04-08T17:29:48Z" finished-at="2020-04-08T17:29:52Z">
          <reporter-output>
          </reporter-output>
        </test-method> <!-- Setuptest -->
        <test-method status="PASS" signature="Job_JobTitles_Navigation()[pri:0, instance:OrangeHRM_TestCases.Admin_Job_JobTitles_Test@7c0e2abd]" name="Job_JobTitles_Navigation" duration-ms="5841" started-at="2020-04-08T17:29:52Z" finished-at="2020-04-08T17:29:57Z">
          <reporter-output>
          </reporter-output>
        </test-method> <!-- Job_JobTitles_Navigation -->
        <test-method status="PASS" signature="teardownmethod(org.testng.ITestResult)[pri:0, instance:OrangeHRM_TestCases.Admin_Job_JobTitles_Test@7c0e2abd]" name="teardownmethod" is-config="true" duration-ms="674" started-at="2020-04-08T17:29:57Z" finished-at="2020-04-08T17:29:58Z">
          <params>
            <param index="0">
              <value>
                <![CDATA[[TestResult name=Job_JobTitles_Navigation status=SUCCESS method=Admin_Job_JobTitles_Test.Job_JobTitles_Navigation()[pri:0, instance:OrangeHRM_TestCases.Admin_Job_JobTitles_Test@7c0e2abd] output={null}]]]>
              </value>
            </param>
          </params>
          <reporter-output>
          </reporter-output>
        </test-method> <!-- teardownmethod -->
        <test-method status="PASS" signature="teardowntest()[pri:0, instance:OrangeHRM_TestCases.Admin_Job_JobTitles_Test@7c0e2abd]" name="teardowntest" is-config="true" duration-ms="156" started-at="2020-04-08T17:29:58Z" finished-at="2020-04-08T17:29:58Z">
          <reporter-output>
          </reporter-output>
        </test-method> <!-- teardowntest -->
      </class> <!-- OrangeHRM_TestCases.Admin_Job_JobTitles_Test -->
      <class name="OrangeHRM_TestCases.PIM_EmployeeList_Test">
        <test-method status="PASS" signature="Setuptest()[pri:0, instance:OrangeHRM_TestCases.PIM_EmployeeList_Test@573f2bb1]" name="Setuptest" is-config="true" duration-ms="5267" started-at="2020-04-08T17:30:10Z" finished-at="2020-04-08T17:30:15Z">
          <reporter-output>
          </reporter-output>
        </test-method> <!-- Setuptest -->
        <test-method status="FAIL" signature="ValidateEmployeeList()[pri:0, instance:OrangeHRM_TestCases.PIM_EmployeeList_Test@573f2bb1]" name="ValidateEmployeeList" duration-ms="12714" started-at="2020-04-08T17:30:15Z" finished-at="2020-04-08T17:30:28Z">
          <exception class="org.openqa.selenium.NoSuchElementException">
            <message>
              <![CDATA[no such element: Unable to locate element: {"method":"xpath","selector":"//table[@id='resultTable']//thead"}
  (Session info: chrome=80.0.3987.163)
For documentation on this error, please visit: https://selenium.dev/exceptions/#no_such_element
Build info: version: '4.0.0-alpha-4', revision: 'c2d955b49e'
System info: host: 'Sahils-MacBook.local', ip: 'fe80:0:0:0:1807:458a:813a:1b30%en0', os.name: 'Mac OS X', os.arch: 'x86_64', os.version: '10.13.6', java.version: '1.8.0_241'
Driver info: org.openqa.selenium.chrome.ChromeDriver
Capabilities {acceptInsecureCerts: false, browserName: chrome, browserVersion: 80.0.3987.163, chrome: {chromedriverVersion: 80.0.3987.16 (320f6526c1632..., userDataDir: /var/folders/ph/x_0_wbsd6tn...}, goog:chromeOptions: {debuggerAddress: localhost:50030}, javascriptEnabled: true, networkConnectionEnabled: false, pageLoadStrategy: normal, platform: MAC, platformName: MAC, proxy: Proxy(), setWindowRect: true, strictFileInteractability: false, timeouts: {implicit: 0, pageLoad: 300000, script: 30000}, unhandledPromptBehavior: dismiss and notify}
Session ID: fd47f00ababb4edb7d396efea12962a6
*** Element info: {Using=xpath, value=//table[@id='resultTable']//thead}]]>
            </message>
            <full-stacktrace>
              <![CDATA[org.openqa.selenium.NoSuchElementException: no such element: Unable to locate element: {"method":"xpath","selector":"//table[@id='resultTable']//thead"}
  (Session info: chrome=80.0.3987.163)
For documentation on this error, please visit: https://selenium.dev/exceptions/#no_such_element
Build info: version: '4.0.0-alpha-4', revision: 'c2d955b49e'
System info: host: 'Sahils-MacBook.local', ip: 'fe80:0:0:0:1807:458a:813a:1b30%en0', os.name: 'Mac OS X', os.arch: 'x86_64', os.version: '10.13.6', java.version: '1.8.0_241'
Driver info: org.openqa.selenium.chrome.ChromeDriver
Capabilities {acceptInsecureCerts: false, browserName: chrome, browserVersion: 80.0.3987.163, chrome: {chromedriverVersion: 80.0.3987.16 (320f6526c1632..., userDataDir: /var/folders/ph/x_0_wbsd6tn...}, goog:chromeOptions: {debuggerAddress: localhost:50030}, javascriptEnabled: true, networkConnectionEnabled: false, pageLoadStrategy: normal, platform: MAC, platformName: MAC, proxy: Proxy(), setWindowRect: true, strictFileInteractability: false, timeouts: {implicit: 0, pageLoad: 300000, script: 30000}, unhandledPromptBehavior: dismiss and notify}
Session ID: fd47f00ababb4edb7d396efea12962a6
*** Element info: {Using=xpath, value=//table[@id='resultTable']//thead}
	at sun.reflect.NativeConstructorAccessorImpl.newInstance0(Native Method)
	at sun.reflect.NativeConstructorAccessorImpl.newInstance(NativeConstructorAccessorImpl.java:62)
	at sun.reflect.DelegatingConstructorAccessorImpl.newInstance(DelegatingConstructorAccessorImpl.java:45)
	at java.lang.reflect.Constructor.newInstance(Constructor.java:423)
	at org.openqa.selenium.remote.codec.w3c.W3CHttpResponseCodec.createException(W3CHttpResponseCodec.java:196)
	at org.openqa.selenium.remote.codec.w3c.W3CHttpResponseCodec.decode(W3CHttpResponseCodec.java:129)
	at org.openqa.selenium.remote.codec.w3c.W3CHttpResponseCodec.decode(W3CHttpResponseCodec.java:53)
	at org.openqa.selenium.remote.HttpCommandExecutor.execute(HttpCommandExecutor.java:161)
	at org.openqa.selenium.remote.service.DriverCommandExecutor.execute(DriverCommandExecutor.java:83)
	at org.openqa.selenium.remote.RemoteWebDriver.execute(RemoteWebDriver.java:582)
	at org.openqa.selenium.remote.RemoteWebDriver.findElement(RemoteWebDriver.java:333)
	at org.openqa.selenium.remote.RemoteWebDriver.findElementByXPath(RemoteWebDriver.java:451)
	at org.openqa.selenium.By$ByXPath.findElement(By.java:394)
	at org.openqa.selenium.remote.RemoteWebDriver.findElement(RemoteWebDriver.java:325)
	at OrangeHRM_Pages.PIM_Page.getEmployeeList_Header_LOC(PIM_Page.java:30)
	at OrangeHRM_TestCases.PIM_EmployeeList_Test.ValidateEmployeeList(PIM_EmployeeList_Test.java:36)
	at sun.reflect.NativeMethodAccessorImpl.invoke0(Native Method)
	at sun.reflect.NativeMethodAccessorImpl.invoke(NativeMethodAccessorImpl.java:62)
	at sun.reflect.DelegatingMethodAccessorImpl.invoke(DelegatingMethodAccessorImpl.java:43)
	at java.lang.reflect.Method.invoke(Method.java:498)
	at org.testng.internal.MethodInvocationHelper.invokeMethod(MethodInvocationHelper.java:80)
	at org.testng.internal.Invoker.invokeMethod(Invoker.java:714)
	at org.testng.internal.Invoker.invokeTestMethod(Invoker.java:901)
	at org.testng.internal.Invoker.invokeTestMethods(Invoker.java:1231)
	at org.testng.internal.TestMethodWorker.invokeTestMethods(TestMethodWorker.java:127)
	at org.testng.internal.TestMethodWorker.run(TestMethodWorker.java:111)
	at org.testng.TestRunner.privateRun(TestRunner.java:767)
	at org.testng.TestRunner.run(TestRunner.java:617)
	at org.testng.SuiteRunner.runTest(SuiteRunner.java:334)
	at org.testng.SuiteRunner.runSequentially(SuiteRunner.java:329)
	at org.testng.SuiteRunner.privateRun(SuiteRunner.java:291)
	at org.testng.SuiteRunner.run(SuiteRunner.java:240)
	at org.testng.SuiteRunnerWorker.runSuite(SuiteRunnerWorker.java:52)
	at org.testng.SuiteRunnerWorker.run(SuiteRunnerWorker.java:86)
	at org.testng.TestNG.runSuitesSequentially(TestNG.java:1198)
	at org.testng.TestNG.runSuitesLocally(TestNG.java:1123)
	at org.testng.TestNG.run(TestNG.java:1031)
	at org.apache.maven.surefire.testng.TestNGExecutor.run(TestNGExecutor.java:135)
	at org.apache.maven.surefire.testng.TestNGDirectoryTestSuite.executeMulti(TestNGDirectoryTestSuite.java:193)
	at org.apache.maven.surefire.testng.TestNGDirectoryTestSuite.execute(TestNGDirectoryTestSuite.java:94)
	at org.apache.maven.surefire.testng.TestNGProvider.invoke(TestNGProvider.java:146)
	at org.apache.maven.surefire.booter.ForkedBooter.runSuitesInProcess(ForkedBooter.java:377)
	at org.apache.maven.surefire.booter.ForkedBooter.execute(ForkedBooter.java:138)
	at org.apache.maven.surefire.booter.ForkedBooter.run(ForkedBooter.java:465)
	at org.apache.maven.surefire.booter.ForkedBooter.main(ForkedBooter.java:451)
]]>
            </full-stacktrace>
          </exception> <!-- org.openqa.selenium.NoSuchElementException -->
          <reporter-output>
          </reporter-output>
        </test-method> <!-- ValidateEmployeeList -->
        <test-method status="PASS" signature="teardownmethod(org.testng.ITestResult)[pri:0, instance:OrangeHRM_TestCases.PIM_EmployeeList_Test@573f2bb1]" name="teardownmethod" is-config="true" duration-ms="672" started-at="2020-04-08T17:30:28Z" finished-at="2020-04-08T17:30:29Z">
          <params>
            <param index="0">
              <value>
                <![CDATA[[TestResult name=ValidateEmployeeList status=FAILURE method=PIM_EmployeeList_Test.ValidateEmployeeList()[pri:0, instance:OrangeHRM_TestCases.PIM_EmployeeList_Test@573f2bb1] output={null}]]]>
              </value>
            </param>
          </params>
          <reporter-output>
          </reporter-output>
        </test-method> <!-- teardownmethod -->
        <test-method status="PASS" signature="teardowntest()[pri:0, instance:OrangeHRM_TestCases.PIM_EmployeeList_Test@573f2bb1]" name="teardowntest" is-config="true" duration-ms="147" started-at="2020-04-08T17:30:29Z" finished-at="2020-04-08T17:30:29Z">
          <reporter-output>
          </reporter-output>
        </test-method> <!-- teardowntest -->
      </class> <!-- OrangeHRM_TestCases.PIM_EmployeeList_Test -->
      <class name="OrangeHRM_TestCases.Dashboard_Test">
        <test-method status="PASS" signature="Setuptest()[pri:0, instance:OrangeHRM_TestCases.Dashboard_Test@4de8b406]" name="Setuptest" is-config="true" duration-ms="4831" started-at="2020-04-08T17:28:59Z" finished-at="2020-04-08T17:29:03Z">
          <reporter-output>
          </reporter-output>
        </test-method> <!-- Setuptest -->
        <test-method status="PASS" signature="DashBoard_page_validation()[pri:0, instance:OrangeHRM_TestCases.Dashboard_Test@4de8b406]" name="DashBoard_page_validation" duration-ms="3064" started-at="2020-04-08T17:29:03Z" finished-at="2020-04-08T17:29:06Z">
          <reporter-output>
          </reporter-output>
        </test-method> <!-- DashBoard_page_validation -->
        <test-method status="PASS" signature="teardownmethod(org.testng.ITestResult)[pri:0, instance:OrangeHRM_TestCases.Dashboard_Test@4de8b406]" name="teardownmethod" is-config="true" duration-ms="1110" started-at="2020-04-08T17:29:06Z" finished-at="2020-04-08T17:29:08Z">
          <params>
            <param index="0">
              <value>
                <![CDATA[[TestResult name=DashBoard_page_validation status=SUCCESS method=Dashboard_Test.DashBoard_page_validation()[pri:0, instance:OrangeHRM_TestCases.Dashboard_Test@4de8b406] output={null}]]]>
              </value>
            </param>
          </params>
          <reporter-output>
          </reporter-output>
        </test-method> <!-- teardownmethod -->
        <test-method status="PASS" signature="teardowntest()[pri:0, instance:OrangeHRM_TestCases.Dashboard_Test@4de8b406]" name="teardowntest" is-config="true" duration-ms="143" started-at="2020-04-08T17:29:08Z" finished-at="2020-04-08T17:29:08Z">
          <reporter-output>
          </reporter-output>
        </test-method> <!-- teardowntest -->
      </class> <!-- OrangeHRM_TestCases.Dashboard_Test -->
      <class name="OrangeHRM_TestCases.Login_Valid_Test">
        <test-method status="PASS" signature="setupsuite()[pri:0, instance:OrangeHRM_TestCases.Login_Valid_Test@b97c004]" name="setupsuite" is-config="true" duration-ms="282" started-at="2020-04-08T17:28:58Z" finished-at="2020-04-08T17:28:59Z">
          <reporter-output>
          </reporter-output>
        </test-method> <!-- setupsuite -->
        <test-method status="PASS" signature="Setuptest()[pri:0, instance:OrangeHRM_TestCases.Login_Valid_Test@b97c004]" name="Setuptest" is-config="true" duration-ms="4379" started-at="2020-04-08T17:29:58Z" finished-at="2020-04-08T17:30:03Z">
          <reporter-output>
          </reporter-output>
        </test-method> <!-- Setuptest -->
        <test-method status="PASS" signature="Login_Valid()[pri:0, instance:OrangeHRM_TestCases.Login_Valid_Test@b97c004]" name="Login_Valid" duration-ms="6745" started-at="2020-04-08T17:30:03Z" finished-at="2020-04-08T17:30:09Z">
          <reporter-output>
          </reporter-output>
        </test-method> <!-- Login_Valid -->
        <test-method status="PASS" signature="teardownmethod(org.testng.ITestResult)[pri:0, instance:OrangeHRM_TestCases.Login_Valid_Test@b97c004]" name="teardownmethod" is-config="true" duration-ms="666" started-at="2020-04-08T17:30:09Z" finished-at="2020-04-08T17:30:10Z">
          <params>
            <param index="0">
              <value>
                <![CDATA[[TestResult name=Login_Valid status=SUCCESS method=Login_Valid_Test.Login_Valid()[pri:0, instance:OrangeHRM_TestCases.Login_Valid_Test@b97c004] output={null}]]]>
              </value>
            </param>
          </params>
          <reporter-output>
          </reporter-output>
        </test-method> <!-- teardownmethod -->
        <test-method status="PASS" signature="teardowntest()[pri:0, instance:OrangeHRM_TestCases.Login_Valid_Test@b97c004]" name="teardowntest" is-config="true" duration-ms="141" started-at="2020-04-08T17:30:10Z" finished-at="2020-04-08T17:30:10Z">
          <reporter-output>
          </reporter-output>
        </test-method> <!-- teardowntest -->
      </class> <!-- OrangeHRM_TestCases.Login_Valid_Test -->
      <class name="OrangeHRM_TestCases.Logout_Test">
        <test-method status="PASS" signature="Setuptest()[pri:0, instance:OrangeHRM_TestCases.Logout_Test@3c756e4d]" name="Setuptest" is-config="true" duration-ms="4322" started-at="2020-04-08T17:29:38Z" finished-at="2020-04-08T17:29:42Z">
          <reporter-output>
          </reporter-output>
        </test-method> <!-- Setuptest -->
        <test-method status="PASS" signature="Logout_OrangeCRM_Test()[pri:0, instance:OrangeHRM_TestCases.Logout_Test@3c756e4d]" name="Logout_OrangeCRM_Test" duration-ms="5026" started-at="2020-04-08T17:29:42Z" finished-at="2020-04-08T17:29:47Z">
          <reporter-output>
          </reporter-output>
        </test-method> <!-- Logout_OrangeCRM_Test -->
        <test-method status="PASS" signature="teardownmethod(org.testng.ITestResult)[pri:0, instance:OrangeHRM_TestCases.Logout_Test@3c756e4d]" name="teardownmethod" is-config="true" duration-ms="690" started-at="2020-04-08T17:29:47Z" finished-at="2020-04-08T17:29:48Z">
          <params>
            <param index="0">
              <value>
                <![CDATA[[TestResult name=Logout_OrangeCRM_Test status=SUCCESS method=Logout_Test.Logout_OrangeCRM_Test()[pri:0, instance:OrangeHRM_TestCases.Logout_Test@3c756e4d] output={null}]]]>
              </value>
            </param>
          </params>
          <reporter-output>
          </reporter-output>
        </test-method> <!-- teardownmethod -->
        <test-method status="PASS" signature="teardowntest()[pri:0, instance:OrangeHRM_TestCases.Logout_Test@3c756e4d]" name="teardowntest" is-config="true" duration-ms="257" started-at="2020-04-08T17:29:48Z" finished-at="2020-04-08T17:29:48Z">
          <reporter-output>
          </reporter-output>
        </test-method> <!-- teardowntest -->
      </class> <!-- OrangeHRM_TestCases.Logout_Test -->
      <class name="OrangeHRM_TestCases.Admin_Users_Test">
        <test-method status="PASS" signature="Setuptest()[pri:0, instance:OrangeHRM_TestCases.Admin_Users_Test@6a2bcfcb]" name="Setuptest" is-config="true" duration-ms="12642" started-at="2020-04-08T17:29:08Z" finished-at="2020-04-08T17:29:20Z">
          <reporter-output>
          </reporter-output>
        </test-method> <!-- Setuptest -->
        <test-method status="PASS" signature="userspage_navigation_test()[pri:0, instance:OrangeHRM_TestCases.Admin_Users_Test@6a2bcfcb]" name="userspage_navigation_test" duration-ms="14817" started-at="2020-04-08T17:29:20Z" finished-at="2020-04-08T17:29:35Z">
          <reporter-output>
          </reporter-output>
        </test-method> <!-- userspage_navigation_test -->
        <test-method status="PASS" signature="teardownmethod(org.testng.ITestResult)[pri:0, instance:OrangeHRM_TestCases.Admin_Users_Test@6a2bcfcb]" name="teardownmethod" is-config="true" duration-ms="516" started-at="2020-04-08T17:29:35Z" finished-at="2020-04-08T17:29:36Z">
          <params>
            <param index="0">
              <value>
                <![CDATA[[TestResult name=userspage_navigation_test status=SUCCESS method=Admin_Users_Test.userspage_navigation_test()[pri:0, instance:OrangeHRM_TestCases.Admin_Users_Test@6a2bcfcb] output={null}]]]>
              </value>
            </param>
          </params>
          <reporter-output>
          </reporter-output>
        </test-method> <!-- teardownmethod -->
        <test-method status="FAIL" signature="Search_System_User()[pri:0, instance:OrangeHRM_TestCases.Admin_Users_Test@6a2bcfcb]" name="Search_System_User" duration-ms="129" started-at="2020-04-08T17:29:36Z" finished-at="2020-04-08T17:29:36Z">
          <exception class="java.lang.AssertionError">
            <message>
              <![CDATA[expected:<John Smith> but was:<Fiona Grace>]]>
            </message>
            <full-stacktrace>
              <![CDATA[java.lang.AssertionError: expected:<John Smith> but was:<Fiona Grace>
	at org.testng.AssertJUnit.assertEquals(AssertJUnit.java:101)
	at org.testng.AssertJUnit.assertEquals(AssertJUnit.java:108)
	at OrangeHRM_TestCases.Admin_Users_Test.Search_System_User(Admin_Users_Test.java:61)
	at sun.reflect.NativeMethodAccessorImpl.invoke0(Native Method)
	at sun.reflect.NativeMethodAccessorImpl.invoke(NativeMethodAccessorImpl.java:62)
	at sun.reflect.DelegatingMethodAccessorImpl.invoke(DelegatingMethodAccessorImpl.java:43)
	at java.lang.reflect.Method.invoke(Method.java:498)
	at org.testng.internal.MethodInvocationHelper.invokeMethod(MethodInvocationHelper.java:80)
	at org.testng.internal.Invoker.invokeMethod(Invoker.java:714)
	at org.testng.internal.Invoker.invokeTestMethod(Invoker.java:901)
	at org.testng.internal.Invoker.invokeTestMethods(Invoker.java:1231)
	at org.testng.internal.TestMethodWorker.invokeTestMethods(TestMethodWorker.java:127)
	at org.testng.internal.TestMethodWorker.run(TestMethodWorker.java:111)
	at org.testng.TestRunner.privateRun(TestRunner.java:767)
	at org.testng.TestRunner.run(TestRunner.java:617)
	at org.testng.SuiteRunner.runTest(SuiteRunner.java:334)
	at org.testng.SuiteRunner.runSequentially(SuiteRunner.java:329)
	at org.testng.SuiteRunner.privateRun(SuiteRunner.java:291)
	at org.testng.SuiteRunner.run(SuiteRunner.java:240)
	at org.testng.SuiteRunnerWorker.runSuite(SuiteRunnerWorker.java:52)
	at org.testng.SuiteRunnerWorker.run(SuiteRunnerWorker.java:86)
	at org.testng.TestNG.runSuitesSequentially(TestNG.java:1198)
	at org.testng.TestNG.runSuitesLocally(TestNG.java:1123)
	at org.testng.TestNG.run(TestNG.java:1031)
	at org.apache.maven.surefire.testng.TestNGExecutor.run(TestNGExecutor.java:135)
	at org.apache.maven.surefire.testng.TestNGDirectoryTestSuite.executeMulti(TestNGDirectoryTestSuite.java:193)
	at org.apache.maven.surefire.testng.TestNGDirectoryTestSuite.execute(TestNGDirectoryTestSuite.java:94)
	at org.apache.maven.surefire.testng.TestNGProvider.invoke(TestNGProvider.java:146)
	at org.apache.maven.surefire.booter.ForkedBooter.runSuitesInProcess(ForkedBooter.java:377)
	at org.apache.maven.surefire.booter.ForkedBooter.execute(ForkedBooter.java:138)
	at org.apache.maven.surefire.booter.ForkedBooter.run(ForkedBooter.java:465)
	at org.apache.maven.surefire.booter.ForkedBooter.main(ForkedBooter.java:451)
]]>
            </full-stacktrace>
          </exception> <!-- java.lang.AssertionError -->
          <reporter-output>
          </reporter-output>
        </test-method> <!-- Search_System_User -->
        <test-method status="PASS" signature="teardownmethod(org.testng.ITestResult)[pri:0, instance:OrangeHRM_TestCases.Admin_Users_Test@6a2bcfcb]" name="teardownmethod" is-config="true" duration-ms="446" started-at="2020-04-08T17:29:36Z" finished-at="2020-04-08T17:29:36Z">
          <params>
            <param index="0">
              <value>
                <![CDATA[[TestResult name=Search_System_User status=FAILURE method=Admin_Users_Test.Search_System_User()[pri:0, instance:OrangeHRM_TestCases.Admin_Users_Test@6a2bcfcb] output={null}]]]>
              </value>
            </param>
          </params>
          <reporter-output>
          </reporter-output>
        </test-method> <!-- teardownmethod -->
        <test-method status="FAIL" signature="AddNew_SystemUser()[pri:0, instance:OrangeHRM_TestCases.Admin_Users_Test@6a2bcfcb]" name="AddNew_SystemUser" duration-ms="765" started-at="2020-04-08T17:29:36Z" finished-at="2020-04-08T17:29:37Z">
          <exception class="java.lang.NoClassDefFoundError">
            <message>
              <![CDATA[org/openqa/selenium/support/ui/Select]]>
            </message>
            <full-stacktrace>
              <![CDATA[java.lang.NoClassDefFoundError: org/openqa/selenium/support/ui/Select
	at OrangeHRM_TestCases.Admin_Users_Test.AddNew_SystemUser(Admin_Users_Test.java:75)
	at sun.reflect.NativeMethodAccessorImpl.invoke0(Native Method)
	at sun.reflect.NativeMethodAccessorImpl.invoke(NativeMethodAccessorImpl.java:62)
	at sun.reflect.DelegatingMethodAccessorImpl.invoke(DelegatingMethodAccessorImpl.java:43)
	at java.lang.reflect.Method.invoke(Method.java:498)
	at org.testng.internal.MethodInvocationHelper.invokeMethod(MethodInvocationHelper.java:80)
	at org.testng.internal.Invoker.invokeMethod(Invoker.java:714)
	at org.testng.internal.Invoker.invokeTestMethod(Invoker.java:901)
	at org.testng.internal.Invoker.invokeTestMethods(Invoker.java:1231)
	at org.testng.internal.TestMethodWorker.invokeTestMethods(TestMethodWorker.java:127)
	at org.testng.internal.TestMethodWorker.run(TestMethodWorker.java:111)
	at org.testng.TestRunner.privateRun(TestRunner.java:767)
	at org.testng.TestRunner.run(TestRunner.java:617)
	at org.testng.SuiteRunner.runTest(SuiteRunner.java:334)
	at org.testng.SuiteRunner.runSequentially(SuiteRunner.java:329)
	at org.testng.SuiteRunner.privateRun(SuiteRunner.java:291)
	at org.testng.SuiteRunner.run(SuiteRunner.java:240)
	at org.testng.SuiteRunnerWorker.runSuite(SuiteRunnerWorker.java:52)
	at org.testng.SuiteRunnerWorker.run(SuiteRunnerWorker.java:86)
	at org.testng.TestNG.runSuitesSequentially(TestNG.java:1198)
	at org.testng.TestNG.runSuitesLocally(TestNG.java:1123)
	at org.testng.TestNG.run(TestNG.java:1031)
	at org.apache.maven.surefire.testng.TestNGExecutor.run(TestNGExecutor.java:135)
	at org.apache.maven.surefire.testng.TestNGDirectoryTestSuite.executeMulti(TestNGDirectoryTestSuite.java:193)
	at org.apache.maven.surefire.testng.TestNGDirectoryTestSuite.execute(TestNGDirectoryTestSuite.java:94)
	at org.apache.maven.surefire.testng.TestNGProvider.invoke(TestNGProvider.java:146)
	at org.apache.maven.surefire.booter.ForkedBooter.runSuitesInProcess(ForkedBooter.java:377)
	at org.apache.maven.surefire.booter.ForkedBooter.execute(ForkedBooter.java:138)
	at org.apache.maven.surefire.booter.ForkedBooter.run(ForkedBooter.java:465)
	at org.apache.maven.surefire.booter.ForkedBooter.main(ForkedBooter.java:451)
Caused by: java.lang.ClassNotFoundException: org.openqa.selenium.support.ui.Select
	at java.net.URLClassLoader.findClass(URLClassLoader.java:382)
	at java.lang.ClassLoader.loadClass(ClassLoader.java:418)
	at sun.misc.Launcher$AppClassLoader.loadClass(Launcher.java:355)
	at java.lang.ClassLoader.loadClass(ClassLoader.java:351)
	... 30 more
]]>
            </full-stacktrace>
          </exception> <!-- java.lang.NoClassDefFoundError -->
          <reporter-output>
          </reporter-output>
        </test-method> <!-- AddNew_SystemUser -->
        <test-method status="PASS" signature="teardownmethod(org.testng.ITestResult)[pri:0, instance:OrangeHRM_TestCases.Admin_Users_Test@6a2bcfcb]" name="teardownmethod" is-config="true" duration-ms="488" started-at="2020-04-08T17:29:37Z" finished-at="2020-04-08T17:29:38Z">
          <params>
            <param index="0">
              <value>
                <![CDATA[[TestResult name=AddNew_SystemUser status=FAILURE method=Admin_Users_Test.AddNew_SystemUser()[pri:0, instance:OrangeHRM_TestCases.Admin_Users_Test@6a2bcfcb] output={null}]]]>
              </value>
            </param>
          </params>
          <reporter-output>
          </reporter-output>
        </test-method> <!-- teardownmethod -->
        <test-method status="PASS" signature="teardowntest()[pri:0, instance:OrangeHRM_TestCases.Admin_Users_Test@6a2bcfcb]" name="teardowntest" is-config="true" duration-ms="96" started-at="2020-04-08T17:29:38Z" finished-at="2020-04-08T17:29:38Z">
          <reporter-output>
          </reporter-output>
        </test-method> <!-- teardowntest -->
      </class> <!-- OrangeHRM_TestCases.Admin_Users_Test -->
    </test> <!-- Surefire test -->
  </suite> <!-- Surefire suite -->
</testng-results>
