<?xml version="1.0" encoding="UTF-8"?>
<testng-results skipped="0" failed="4" ignored="5" total="13" passed="4">
  <reporter-output>
  </reporter-output>
  <suite name="Suite" duration-ms="200259" started-at="2020-04-08T17:31:10 COT" finished-at="2020-04-08T17:34:30 COT">
    <groups>
    </groups>
    <test name="Test" duration-ms="200259" started-at="2020-04-08T17:31:10 COT" finished-at="2020-04-08T17:34:30 COT">
      <class name="OrangeHRM_TestCases.PIM_EmployeeList_Test">
        <test-method status="PASS" signature="Setuptest()[pri:0, instance:OrangeHRM_TestCases.PIM_EmployeeList_Test@e320068]" name="Setuptest" is-config="true" duration-ms="3898" started-at="2020-04-08T17:32:12 COT" finished-at="2020-04-08T17:32:16 COT">
          <reporter-output>
          </reporter-output>
        </test-method> <!-- Setuptest -->
        <test-method status="PASS" signature="ValidateEmployeeList()[pri:1, instance:OrangeHRM_TestCases.PIM_EmployeeList_Test@e320068]" name="ValidateEmployeeList" duration-ms="6229" started-at="2020-04-08T17:32:16 COT" finished-at="2020-04-08T17:32:23 COT">
          <reporter-output>
          </reporter-output>
        </test-method> <!-- ValidateEmployeeList -->
        <test-method status="PASS" signature="teardownmethod(org.testng.ITestResult)[pri:0, instance:OrangeHRM_TestCases.PIM_EmployeeList_Test@e320068]" name="teardownmethod" is-config="true" duration-ms="930" started-at="2020-04-08T17:32:23 COT" finished-at="2020-04-08T17:32:23 COT">
          <params>
            <param index="0">
              <value>
                <![CDATA[[TestResult name=ValidateEmployeeList status=SUCCESS method=PIM_EmployeeList_Test.ValidateEmployeeList()[pri:1, instance:OrangeHRM_TestCases.PIM_EmployeeList_Test@e320068] output={null}]]]>
              </value>
            </param>
          </params>
          <reporter-output>
          </reporter-output>
        </test-method> <!-- teardownmethod -->
        <test-method status="PASS" signature="teardowntest()[pri:0, instance:OrangeHRM_TestCases.PIM_EmployeeList_Test@e320068]" name="teardowntest" is-config="true" duration-ms="97" started-at="2020-04-08T17:32:23 COT" finished-at="2020-04-08T17:32:24 COT">
          <reporter-output>
          </reporter-output>
        </test-method> <!-- teardowntest -->
      </class> <!-- OrangeHRM_TestCases.PIM_EmployeeList_Test -->
      <class name="OrangeHRM_TestCases.Admin_Job_JobTitles_Test">
        <test-method status="PASS" signature="Setuptest()[pri:0, instance:OrangeHRM_TestCases.Admin_Job_JobTitles_Test@1f57539]" name="Setuptest" is-config="true" duration-ms="31896" started-at="2020-04-08T17:32:24 COT" finished-at="2020-04-08T17:32:55 COT">
          <reporter-output>
          </reporter-output>
        </test-method> <!-- Setuptest -->
        <test-method status="PASS" signature="Job_JobTitles_Navigation()[pri:0, instance:OrangeHRM_TestCases.Admin_Job_JobTitles_Test@1f57539]" name="Job_JobTitles_Navigation" duration-ms="42016" started-at="2020-04-08T17:32:55 COT" finished-at="2020-04-08T17:33:37 COT">
          <reporter-output>
          </reporter-output>
        </test-method> <!-- Job_JobTitles_Navigation -->
        <test-method status="PASS" signature="teardownmethod(org.testng.ITestResult)[pri:0, instance:OrangeHRM_TestCases.Admin_Job_JobTitles_Test@1f57539]" name="teardownmethod" is-config="true" duration-ms="649" started-at="2020-04-08T17:33:37 COT" finished-at="2020-04-08T17:33:38 COT">
          <params>
            <param index="0">
              <value>
                <![CDATA[[TestResult name=Job_JobTitles_Navigation status=SUCCESS method=Admin_Job_JobTitles_Test.Job_JobTitles_Navigation()[pri:0, instance:OrangeHRM_TestCases.Admin_Job_JobTitles_Test@1f57539] output={null}]]]>
              </value>
            </param>
          </params>
          <reporter-output>
          </reporter-output>
        </test-method> <!-- teardownmethod -->
        <test-method status="PASS" signature="teardowntest()[pri:0, instance:OrangeHRM_TestCases.Admin_Job_JobTitles_Test@1f57539]" name="teardowntest" is-config="true" duration-ms="133" started-at="2020-04-08T17:33:38 COT" finished-at="2020-04-08T17:33:38 COT">
          <reporter-output>
          </reporter-output>
        </test-method> <!-- teardowntest -->
      </class> <!-- OrangeHRM_TestCases.Admin_Job_JobTitles_Test -->
      <class name="OrangeHRM_TestCases.Dashboard_Test">
        <test-method status="PASS" signature="Setuptest()[pri:0, instance:OrangeHRM_TestCases.Dashboard_Test@536aaa8d]" name="Setuptest" is-config="true" duration-ms="6479" started-at="2020-04-08T17:32:02 COT" finished-at="2020-04-08T17:32:09 COT">
          <reporter-output>
          </reporter-output>
        </test-method> <!-- Setuptest -->
        <test-method status="PASS" signature="DashBoard_page_validation()[pri:1, instance:OrangeHRM_TestCases.Dashboard_Test@536aaa8d]" name="DashBoard_page_validation" duration-ms="2839" started-at="2020-04-08T17:32:09 COT" finished-at="2020-04-08T17:32:12 COT">
          <reporter-output>
          </reporter-output>
        </test-method> <!-- DashBoard_page_validation -->
        <test-method status="PASS" signature="teardownmethod(org.testng.ITestResult)[pri:0, instance:OrangeHRM_TestCases.Dashboard_Test@536aaa8d]" name="teardownmethod" is-config="true" duration-ms="601" started-at="2020-04-08T17:32:12 COT" finished-at="2020-04-08T17:32:12 COT">
          <params>
            <param index="0">
              <value>
                <![CDATA[[TestResult name=DashBoard_page_validation status=SUCCESS method=Dashboard_Test.DashBoard_page_validation()[pri:1, instance:OrangeHRM_TestCases.Dashboard_Test@536aaa8d] output={null}]]]>
              </value>
            </param>
          </params>
          <reporter-output>
          </reporter-output>
        </test-method> <!-- teardownmethod -->
        <test-method status="PASS" signature="teardowntest()[pri:0, instance:OrangeHRM_TestCases.Dashboard_Test@536aaa8d]" name="teardowntest" is-config="true" duration-ms="97" started-at="2020-04-08T17:32:12 COT" finished-at="2020-04-08T17:32:12 COT">
          <reporter-output>
          </reporter-output>
        </test-method> <!-- teardowntest -->
      </class> <!-- OrangeHRM_TestCases.Dashboard_Test -->
      <class name="OrangeHRM_TestCases.Logout_Test">
        <test-method status="PASS" signature="Setuptest()[pri:0, instance:OrangeHRM_TestCases.Logout_Test@59e5ddf]" name="Setuptest" is-config="true" duration-ms="3521" started-at="2020-04-08T17:31:26 COT" finished-at="2020-04-08T17:31:30 COT">
          <reporter-output>
          </reporter-output>
        </test-method> <!-- Setuptest -->
        <test-method status="FAIL" signature="Logout_OrangeCRM_Test()[pri:0, instance:OrangeHRM_TestCases.Logout_Test@59e5ddf]" name="Logout_OrangeCRM_Test" duration-ms="31755" started-at="2020-04-08T17:31:30 COT" finished-at="2020-04-08T17:32:02 COT">
          <exception class="org.openqa.selenium.ElementNotInteractableException">
            <message>
              <![CDATA[element not interactable
  (Session info: chrome=80.0.3987.163)
Build info: version: '4.0.0-alpha-4', revision: 'c2d955b49e'
System info: host: 'Sahils-MacBook.local', ip: 'fe80:0:0:0:1807:458a:813a:1b30%en0', os.name: 'Mac OS X', os.arch: 'x86_64', os.version: '10.13.6', java.version: '1.8.0_241'
Driver info: org.openqa.selenium.chrome.ChromeDriver
Capabilities {acceptInsecureCerts: false, browserName: chrome, browserVersion: 80.0.3987.163, chrome: {chromedriverVersion: 80.0.3987.16 (320f6526c1632..., userDataDir: /var/folders/ph/x_0_wbsd6tn...}, goog:chromeOptions: {debuggerAddress: localhost:50381}, javascriptEnabled: true, networkConnectionEnabled: false, pageLoadStrategy: normal, platform: MAC, platformName: MAC, proxy: Proxy(), setWindowRect: true, strictFileInteractability: false, timeouts: {implicit: 0, pageLoad: 300000, script: 30000}, unhandledPromptBehavior: dismiss and notify}
Session ID: 421e5572c5b04844b339379c1becb33a]]>
            </message>
            <full-stacktrace>
              <![CDATA[org.openqa.selenium.ElementNotInteractableException: element not interactable
  (Session info: chrome=80.0.3987.163)
Build info: version: '4.0.0-alpha-4', revision: 'c2d955b49e'
System info: host: 'Sahils-MacBook.local', ip: 'fe80:0:0:0:1807:458a:813a:1b30%en0', os.name: 'Mac OS X', os.arch: 'x86_64', os.version: '10.13.6', java.version: '1.8.0_241'
Driver info: org.openqa.selenium.chrome.ChromeDriver
Capabilities {acceptInsecureCerts: false, browserName: chrome, browserVersion: 80.0.3987.163, chrome: {chromedriverVersion: 80.0.3987.16 (320f6526c1632..., userDataDir: /var/folders/ph/x_0_wbsd6tn...}, goog:chromeOptions: {debuggerAddress: localhost:50381}, javascriptEnabled: true, networkConnectionEnabled: false, pageLoadStrategy: normal, platform: MAC, platformName: MAC, proxy: Proxy(), setWindowRect: true, strictFileInteractability: false, timeouts: {implicit: 0, pageLoad: 300000, script: 30000}, unhandledPromptBehavior: dismiss and notify}
Session ID: 421e5572c5b04844b339379c1becb33a
at sun.reflect.NativeConstructorAccessorImpl.newInstance0(Native Method)
at sun.reflect.NativeConstructorAccessorImpl.newInstance(NativeConstructorAccessorImpl.java:62)
at sun.reflect.DelegatingConstructorAccessorImpl.newInstance(DelegatingConstructorAccessorImpl.java:45)
at java.lang.reflect.Constructor.newInstance(Constructor.java:423)
at org.openqa.selenium.remote.codec.w3c.W3CHttpResponseCodec.createException(W3CHttpResponseCodec.java:196)
at org.openqa.selenium.remote.codec.w3c.W3CHttpResponseCodec.decode(W3CHttpResponseCodec.java:129)
at org.openqa.selenium.remote.codec.w3c.W3CHttpResponseCodec.decode(W3CHttpResponseCodec.java:53)
at org.openqa.selenium.remote.HttpCommandExecutor.execute(HttpCommandExecutor.java:161)
at org.openqa.selenium.remote.service.DriverCommandExecutor.execute(DriverCommandExecutor.java:83)
at org.openqa.selenium.remote.RemoteWebDriver.execute(RemoteWebDriver.java:582)
at org.openqa.selenium.remote.RemoteWebElement.execute(RemoteWebElement.java:316)
at org.openqa.selenium.remote.RemoteWebElement.click(RemoteWebElement.java:85)
at OrangeHRM_Pages.Homepage.click_Logoutlink(Homepage.java:32)
at OrangeHRM_Utility.Helper.LogoutMethod(Helper.java:67)
at OrangeHRM_TestCases.Logout_Test.Logout_OrangeCRM_Test(Logout_Test.java:21)
at sun.reflect.NativeMethodAccessorImpl.invoke0(Native Method)
at sun.reflect.NativeMethodAccessorImpl.invoke(NativeMethodAccessorImpl.java:62)
at sun.reflect.DelegatingMethodAccessorImpl.invoke(DelegatingMethodAccessorImpl.java:43)
at java.lang.reflect.Method.invoke(Method.java:498)
at org.testng.internal.MethodInvocationHelper.invokeMethod(MethodInvocationHelper.java:133)
at org.testng.internal.TestInvoker.invokeMethod(TestInvoker.java:584)
at org.testng.internal.TestInvoker.invokeTestMethod(TestInvoker.java:172)
at org.testng.internal.MethodRunner.runInSequence(MethodRunner.java:46)
at org.testng.internal.TestInvoker$MethodInvocationAgent.invoke(TestInvoker.java:804)
at org.testng.internal.TestInvoker.invokeTestMethods(TestInvoker.java:145)
at org.testng.internal.TestMethodWorker.invokeTestMethods(TestMethodWorker.java:146)
at org.testng.internal.TestMethodWorker.run(TestMethodWorker.java:128)
at java.util.ArrayList.forEach(ArrayList.java:1257)
at org.testng.TestRunner.privateRun(TestRunner.java:770)
at org.testng.TestRunner.run(TestRunner.java:591)
at org.testng.SuiteRunner.runTest(SuiteRunner.java:402)
at org.testng.SuiteRunner.runSequentially(SuiteRunner.java:396)
at org.testng.SuiteRunner.privateRun(SuiteRunner.java:355)
at org.testng.SuiteRunner.run(SuiteRunner.java:304)
at org.testng.SuiteRunnerWorker.runSuite(SuiteRunnerWorker.java:53)
at org.testng.SuiteRunnerWorker.run(SuiteRunnerWorker.java:96)
at org.testng.TestNG.runSuitesSequentially(TestNG.java:1180)
at org.testng.TestNG.runSuitesLocally(TestNG.java:1102)
at org.testng.TestNG.runSuites(TestNG.java:1032)
at org.testng.TestNG.run(TestNG.java:1000)
at org.testng.remote.AbstractRemoteTestNG.run(AbstractRemoteTestNG.java:115)
at org.testng.remote.RemoteTestNG.initAndRun(RemoteTestNG.java:251)
at org.testng.remote.RemoteTestNG.main(RemoteTestNG.java:77)
]]>
            </full-stacktrace>
          </exception> <!-- org.openqa.selenium.ElementNotInteractableException -->
          <reporter-output>
          </reporter-output>
        </test-method> <!-- Logout_OrangeCRM_Test -->
        <test-method status="PASS" signature="teardownmethod(org.testng.ITestResult)[pri:0, instance:OrangeHRM_TestCases.Logout_Test@59e5ddf]" name="teardownmethod" is-config="true" duration-ms="616" started-at="2020-04-08T17:32:02 COT" finished-at="2020-04-08T17:32:02 COT">
          <params>
            <param index="0">
              <value>
                <![CDATA[[TestResult name=Logout_OrangeCRM_Test status=FAILURE method=Logout_Test.Logout_OrangeCRM_Test()[pri:0, instance:OrangeHRM_TestCases.Logout_Test@59e5ddf] output={null}]]]>
              </value>
            </param>
          </params>
          <reporter-output>
          </reporter-output>
        </test-method> <!-- teardownmethod -->
        <test-method status="PASS" signature="teardowntest()[pri:0, instance:OrangeHRM_TestCases.Logout_Test@59e5ddf]" name="teardowntest" is-config="true" duration-ms="125" started-at="2020-04-08T17:32:02 COT" finished-at="2020-04-08T17:32:02 COT">
          <reporter-output>
          </reporter-output>
        </test-method> <!-- teardowntest -->
      </class> <!-- OrangeHRM_TestCases.Logout_Test -->
      <class name="OrangeHRM_TestCases.Login_Valid_Test">
        <test-method status="PASS" signature="setupsuite()[pri:0, instance:OrangeHRM_TestCases.Login_Valid_Test@646d64ab]" name="setupsuite" is-config="true" duration-ms="205" started-at="2020-04-08T17:31:10 COT" finished-at="2020-04-08T17:31:10 COT">
          <reporter-output>
          </reporter-output>
        </test-method> <!-- setupsuite -->
        <test-method status="PASS" signature="Setuptest()[pri:0, instance:OrangeHRM_TestCases.Login_Valid_Test@646d64ab]" name="Setuptest" is-config="true" duration-ms="7682" started-at="2020-04-08T17:31:10 COT" finished-at="2020-04-08T17:31:18 COT">
          <reporter-output>
          </reporter-output>
        </test-method> <!-- Setuptest -->
        <test-method status="PASS" signature="Login_Valid()[pri:0, instance:OrangeHRM_TestCases.Login_Valid_Test@646d64ab]" name="Login_Valid" duration-ms="7247" started-at="2020-04-08T17:31:18 COT" finished-at="2020-04-08T17:31:25 COT">
          <reporter-output>
          </reporter-output>
        </test-method> <!-- Login_Valid -->
        <test-method status="PASS" signature="teardownmethod(org.testng.ITestResult)[pri:0, instance:OrangeHRM_TestCases.Login_Valid_Test@646d64ab]" name="teardownmethod" is-config="true" duration-ms="992" started-at="2020-04-08T17:31:25 COT" finished-at="2020-04-08T17:31:26 COT">
          <params>
            <param index="0">
              <value>
                <![CDATA[[TestResult name=Login_Valid status=SUCCESS method=Login_Valid_Test.Login_Valid()[pri:0, instance:OrangeHRM_TestCases.Login_Valid_Test@646d64ab] output={null}]]]>
              </value>
            </param>
          </params>
          <reporter-output>
          </reporter-output>
        </test-method> <!-- teardownmethod -->
        <test-method status="PASS" signature="teardowntest()[pri:0, instance:OrangeHRM_TestCases.Login_Valid_Test@646d64ab]" name="teardowntest" is-config="true" duration-ms="168" started-at="2020-04-08T17:31:26 COT" finished-at="2020-04-08T17:31:26 COT">
          <reporter-output>
          </reporter-output>
        </test-method> <!-- teardowntest -->
      </class> <!-- OrangeHRM_TestCases.Login_Valid_Test -->
      <class name="OrangeHRM_TestCases.Admin_Users_Test">
        <test-method status="PASS" signature="Setuptest()[pri:0, instance:OrangeHRM_TestCases.Admin_Users_Test@76f2b07d]" name="Setuptest" is-config="true" duration-ms="40683" started-at="2020-04-08T17:33:38 COT" finished-at="2020-04-08T17:34:19 COT">
          <reporter-output>
          </reporter-output>
        </test-method> <!-- Setuptest -->
        <test-method status="FAIL" signature="userspage_navigation_test()[pri:1, instance:OrangeHRM_TestCases.Admin_Users_Test@76f2b07d]" name="userspage_navigation_test" duration-ms="10071" started-at="2020-04-08T17:34:19 COT" finished-at="2020-04-08T17:34:29 COT">
          <exception class="org.openqa.selenium.NoSuchElementException">
            <message>
              <![CDATA[no such element: Unable to locate element: {"method":"css selector","selector":"#txtUsername"}
  (Session info: chrome=80.0.3987.163)
For documentation on this error, please visit: https://selenium.dev/exceptions/#no_such_element
Build info: version: '4.0.0-alpha-4', revision: 'c2d955b49e'
System info: host: 'Sahils-MacBook.local', ip: 'fe80:0:0:0:1807:458a:813a:1b30%en0', os.name: 'Mac OS X', os.arch: 'x86_64', os.version: '10.13.6', java.version: '1.8.0_241'
Driver info: org.openqa.selenium.chrome.ChromeDriver
Capabilities {acceptInsecureCerts: false, browserName: chrome, browserVersion: 80.0.3987.163, chrome: {chromedriverVersion: 80.0.3987.16 (320f6526c1632..., userDataDir: /var/folders/ph/x_0_wbsd6tn...}, goog:chromeOptions: {debuggerAddress: localhost:51025}, javascriptEnabled: true, networkConnectionEnabled: false, pageLoadStrategy: normal, platform: MAC, platformName: MAC, proxy: Proxy(), setWindowRect: true, strictFileInteractability: false, timeouts: {implicit: 0, pageLoad: 300000, script: 30000}, unhandledPromptBehavior: dismiss and notify}
Session ID: 90a947c8a5483d04fb9bd08724ed9287
*** Element info: {Using=id, value=txtUsername}]]>
            </message>
            <full-stacktrace>
              <![CDATA[org.openqa.selenium.NoSuchElementException: no such element: Unable to locate element: {"method":"css selector","selector":"#txtUsername"}
  (Session info: chrome=80.0.3987.163)
For documentation on this error, please visit: https://selenium.dev/exceptions/#no_such_element
Build info: version: '4.0.0-alpha-4', revision: 'c2d955b49e'
System info: host: 'Sahils-MacBook.local', ip: 'fe80:0:0:0:1807:458a:813a:1b30%en0', os.name: 'Mac OS X', os.arch: 'x86_64', os.version: '10.13.6', java.version: '1.8.0_241'
Driver info: org.openqa.selenium.chrome.ChromeDriver
Capabilities {acceptInsecureCerts: false, browserName: chrome, browserVersion: 80.0.3987.163, chrome: {chromedriverVersion: 80.0.3987.16 (320f6526c1632..., userDataDir: /var/folders/ph/x_0_wbsd6tn...}, goog:chromeOptions: {debuggerAddress: localhost:51025}, javascriptEnabled: true, networkConnectionEnabled: false, pageLoadStrategy: normal, platform: MAC, platformName: MAC, proxy: Proxy(), setWindowRect: true, strictFileInteractability: false, timeouts: {implicit: 0, pageLoad: 300000, script: 30000}, unhandledPromptBehavior: dismiss and notify}
Session ID: 90a947c8a5483d04fb9bd08724ed9287
*** Element info: {Using=id, value=txtUsername}
at sun.reflect.NativeConstructorAccessorImpl.newInstance0(Native Method)
at sun.reflect.NativeConstructorAccessorImpl.newInstance(NativeConstructorAccessorImpl.java:62)
at sun.reflect.DelegatingConstructorAccessorImpl.newInstance(DelegatingConstructorAccessorImpl.java:45)
at java.lang.reflect.Constructor.newInstance(Constructor.java:423)
at org.openqa.selenium.remote.codec.w3c.W3CHttpResponseCodec.createException(W3CHttpResponseCodec.java:196)
at org.openqa.selenium.remote.codec.w3c.W3CHttpResponseCodec.decode(W3CHttpResponseCodec.java:129)
at org.openqa.selenium.remote.codec.w3c.W3CHttpResponseCodec.decode(W3CHttpResponseCodec.java:53)
at org.openqa.selenium.remote.HttpCommandExecutor.execute(HttpCommandExecutor.java:161)
at org.openqa.selenium.remote.service.DriverCommandExecutor.execute(DriverCommandExecutor.java:83)
at org.openqa.selenium.remote.RemoteWebDriver.execute(RemoteWebDriver.java:582)
at org.openqa.selenium.remote.RemoteWebDriver.findElement(RemoteWebDriver.java:333)
at org.openqa.selenium.remote.RemoteWebDriver.findElementById(RemoteWebDriver.java:381)
at org.openqa.selenium.By$ById.findElement(By.java:194)
at org.openqa.selenium.remote.RemoteWebDriver.findElement(RemoteWebDriver.java:325)
at OrangeHRM_Pages.LoginPage.enterusername(LoginPage.java:25)
at OrangeHRM_Utility.Helper.LoginMethod(Helper.java:50)
at OrangeHRM_TestCases.Admin_Users_Test.userspage_navigation_test(Admin_Users_Test.java:31)
at sun.reflect.NativeMethodAccessorImpl.invoke0(Native Method)
at sun.reflect.NativeMethodAccessorImpl.invoke(NativeMethodAccessorImpl.java:62)
at sun.reflect.DelegatingMethodAccessorImpl.invoke(DelegatingMethodAccessorImpl.java:43)
at java.lang.reflect.Method.invoke(Method.java:498)
at org.testng.internal.MethodInvocationHelper.invokeMethod(MethodInvocationHelper.java:133)
at org.testng.internal.TestInvoker.invokeMethod(TestInvoker.java:584)
at org.testng.internal.TestInvoker.invokeTestMethod(TestInvoker.java:172)
at org.testng.internal.MethodRunner.runInSequence(MethodRunner.java:46)
at org.testng.internal.TestInvoker$MethodInvocationAgent.invoke(TestInvoker.java:804)
at org.testng.internal.TestInvoker.invokeTestMethods(TestInvoker.java:145)
at org.testng.internal.TestMethodWorker.invokeTestMethods(TestMethodWorker.java:146)
at org.testng.internal.TestMethodWorker.run(TestMethodWorker.java:128)
at java.util.ArrayList.forEach(ArrayList.java:1257)
at org.testng.TestRunner.privateRun(TestRunner.java:770)
at org.testng.TestRunner.run(TestRunner.java:591)
at org.testng.SuiteRunner.runTest(SuiteRunner.java:402)
at org.testng.SuiteRunner.runSequentially(SuiteRunner.java:396)
at org.testng.SuiteRunner.privateRun(SuiteRunner.java:355)
at org.testng.SuiteRunner.run(SuiteRunner.java:304)
at org.testng.SuiteRunnerWorker.runSuite(SuiteRunnerWorker.java:53)
at org.testng.SuiteRunnerWorker.run(SuiteRunnerWorker.java:96)
at org.testng.TestNG.runSuitesSequentially(TestNG.java:1180)
at org.testng.TestNG.runSuitesLocally(TestNG.java:1102)
at org.testng.TestNG.runSuites(TestNG.java:1032)
at org.testng.TestNG.run(TestNG.java:1000)
at org.testng.remote.AbstractRemoteTestNG.run(AbstractRemoteTestNG.java:115)
at org.testng.remote.RemoteTestNG.initAndRun(RemoteTestNG.java:251)
at org.testng.remote.RemoteTestNG.main(RemoteTestNG.java:77)
]]>
            </full-stacktrace>
          </exception> <!-- org.openqa.selenium.NoSuchElementException -->
          <reporter-output>
          </reporter-output>
        </test-method> <!-- userspage_navigation_test -->
        <test-method status="PASS" signature="teardownmethod(org.testng.ITestResult)[pri:0, instance:OrangeHRM_TestCases.Admin_Users_Test@76f2b07d]" name="teardownmethod" is-config="true" duration-ms="498" started-at="2020-04-08T17:34:29 COT" finished-at="2020-04-08T17:34:29 COT">
          <params>
            <param index="0">
              <value>
                <![CDATA[[TestResult name=userspage_navigation_test status=FAILURE method=Admin_Users_Test.userspage_navigation_test()[pri:1, instance:OrangeHRM_TestCases.Admin_Users_Test@76f2b07d] output={null}]]]>
              </value>
            </param>
          </params>
          <reporter-output>
          </reporter-output>
        </test-method> <!-- teardownmethod -->
        <test-method status="FAIL" signature="Search_System_User()[pri:2, instance:OrangeHRM_TestCases.Admin_Users_Test@76f2b07d]" name="Search_System_User" duration-ms="0" started-at="2020-04-08T17:34:29 COT" finished-at="2020-04-08T17:34:29 COT">
          <exception class="java.lang.NullPointerException">
            <full-stacktrace>
              <![CDATA[java.lang.NullPointerException
at OrangeHRM_TestCases.Admin_Users_Test.Search_System_User(Admin_Users_Test.java:57)
at sun.reflect.NativeMethodAccessorImpl.invoke0(Native Method)
at sun.reflect.NativeMethodAccessorImpl.invoke(NativeMethodAccessorImpl.java:62)
at sun.reflect.DelegatingMethodAccessorImpl.invoke(DelegatingMethodAccessorImpl.java:43)
at java.lang.reflect.Method.invoke(Method.java:498)
at org.testng.internal.MethodInvocationHelper.invokeMethod(MethodInvocationHelper.java:133)
at org.testng.internal.TestInvoker.invokeMethod(TestInvoker.java:584)
at org.testng.internal.TestInvoker.invokeTestMethod(TestInvoker.java:172)
at org.testng.internal.MethodRunner.runInSequence(MethodRunner.java:46)
at org.testng.internal.TestInvoker$MethodInvocationAgent.invoke(TestInvoker.java:804)
at org.testng.internal.TestInvoker.invokeTestMethods(TestInvoker.java:145)
at org.testng.internal.TestMethodWorker.invokeTestMethods(TestMethodWorker.java:146)
at org.testng.internal.TestMethodWorker.run(TestMethodWorker.java:128)
at java.util.ArrayList.forEach(ArrayList.java:1257)
at org.testng.TestRunner.privateRun(TestRunner.java:770)
at org.testng.TestRunner.run(TestRunner.java:591)
at org.testng.SuiteRunner.runTest(SuiteRunner.java:402)
at org.testng.SuiteRunner.runSequentially(SuiteRunner.java:396)
at org.testng.SuiteRunner.privateRun(SuiteRunner.java:355)
at org.testng.SuiteRunner.run(SuiteRunner.java:304)
at org.testng.SuiteRunnerWorker.runSuite(SuiteRunnerWorker.java:53)
at org.testng.SuiteRunnerWorker.run(SuiteRunnerWorker.java:96)
at org.testng.TestNG.runSuitesSequentially(TestNG.java:1180)
at org.testng.TestNG.runSuitesLocally(TestNG.java:1102)
at org.testng.TestNG.runSuites(TestNG.java:1032)
at org.testng.TestNG.run(TestNG.java:1000)
at org.testng.remote.AbstractRemoteTestNG.run(AbstractRemoteTestNG.java:115)
at org.testng.remote.RemoteTestNG.initAndRun(RemoteTestNG.java:251)
at org.testng.remote.RemoteTestNG.main(RemoteTestNG.java:77)
]]>
            </full-stacktrace>
          </exception> <!-- java.lang.NullPointerException -->
          <reporter-output>
          </reporter-output>
        </test-method> <!-- Search_System_User -->
        <test-method status="PASS" signature="teardownmethod(org.testng.ITestResult)[pri:0, instance:OrangeHRM_TestCases.Admin_Users_Test@76f2b07d]" name="teardownmethod" is-config="true" duration-ms="427" started-at="2020-04-08T17:34:29 COT" finished-at="2020-04-08T17:34:30 COT">
          <params>
            <param index="0">
              <value>
                <![CDATA[[TestResult name=Search_System_User status=FAILURE method=Admin_Users_Test.Search_System_User()[pri:2, instance:OrangeHRM_TestCases.Admin_Users_Test@76f2b07d] output={null}]]]>
              </value>
            </param>
          </params>
          <reporter-output>
          </reporter-output>
        </test-method> <!-- teardownmethod -->
        <test-method status="FAIL" signature="AddNew_SystemUser()[pri:3, instance:OrangeHRM_TestCases.Admin_Users_Test@76f2b07d]" name="AddNew_SystemUser" duration-ms="1" started-at="2020-04-08T17:34:30 COT" finished-at="2020-04-08T17:34:30 COT">
          <exception class="java.lang.NullPointerException">
            <full-stacktrace>
              <![CDATA[java.lang.NullPointerException
at OrangeHRM_TestCases.Admin_Users_Test.AddNew_SystemUser(Admin_Users_Test.java:70)
at sun.reflect.NativeMethodAccessorImpl.invoke0(Native Method)
at sun.reflect.NativeMethodAccessorImpl.invoke(NativeMethodAccessorImpl.java:62)
at sun.reflect.DelegatingMethodAccessorImpl.invoke(DelegatingMethodAccessorImpl.java:43)
at java.lang.reflect.Method.invoke(Method.java:498)
at org.testng.internal.MethodInvocationHelper.invokeMethod(MethodInvocationHelper.java:133)
at org.testng.internal.TestInvoker.invokeMethod(TestInvoker.java:584)
at org.testng.internal.TestInvoker.invokeTestMethod(TestInvoker.java:172)
at org.testng.internal.MethodRunner.runInSequence(MethodRunner.java:46)
at org.testng.internal.TestInvoker$MethodInvocationAgent.invoke(TestInvoker.java:804)
at org.testng.internal.TestInvoker.invokeTestMethods(TestInvoker.java:145)
at org.testng.internal.TestMethodWorker.invokeTestMethods(TestMethodWorker.java:146)
at org.testng.internal.TestMethodWorker.run(TestMethodWorker.java:128)
at java.util.ArrayList.forEach(ArrayList.java:1257)
at org.testng.TestRunner.privateRun(TestRunner.java:770)
at org.testng.TestRunner.run(TestRunner.java:591)
at org.testng.SuiteRunner.runTest(SuiteRunner.java:402)
at org.testng.SuiteRunner.runSequentially(SuiteRunner.java:396)
at org.testng.SuiteRunner.privateRun(SuiteRunner.java:355)
at org.testng.SuiteRunner.run(SuiteRunner.java:304)
at org.testng.SuiteRunnerWorker.runSuite(SuiteRunnerWorker.java:53)
at org.testng.SuiteRunnerWorker.run(SuiteRunnerWorker.java:96)
at org.testng.TestNG.runSuitesSequentially(TestNG.java:1180)
at org.testng.TestNG.runSuitesLocally(TestNG.java:1102)
at org.testng.TestNG.runSuites(TestNG.java:1032)
at org.testng.TestNG.run(TestNG.java:1000)
at org.testng.remote.AbstractRemoteTestNG.run(AbstractRemoteTestNG.java:115)
at org.testng.remote.RemoteTestNG.initAndRun(RemoteTestNG.java:251)
at org.testng.remote.RemoteTestNG.main(RemoteTestNG.java:77)
]]>
            </full-stacktrace>
          </exception> <!-- java.lang.NullPointerException -->
          <reporter-output>
          </reporter-output>
        </test-method> <!-- AddNew_SystemUser -->
        <test-method status="PASS" signature="teardownmethod(org.testng.ITestResult)[pri:0, instance:OrangeHRM_TestCases.Admin_Users_Test@76f2b07d]" name="teardownmethod" is-config="true" duration-ms="432" started-at="2020-04-08T17:34:30 COT" finished-at="2020-04-08T17:34:30 COT">
          <params>
            <param index="0">
              <value>
                <![CDATA[[TestResult name=AddNew_SystemUser status=FAILURE method=Admin_Users_Test.AddNew_SystemUser()[pri:3, instance:OrangeHRM_TestCases.Admin_Users_Test@76f2b07d] output={null}]]]>
              </value>
            </param>
          </params>
          <reporter-output>
          </reporter-output>
        </test-method> <!-- teardownmethod -->
        <test-method status="PASS" signature="teardowntest()[pri:0, instance:OrangeHRM_TestCases.Admin_Users_Test@76f2b07d]" name="teardowntest" is-config="true" duration-ms="107" started-at="2020-04-08T17:34:30 COT" finished-at="2020-04-08T17:34:30 COT">
          <reporter-output>
          </reporter-output>
        </test-method> <!-- teardowntest -->
      </class> <!-- OrangeHRM_TestCases.Admin_Users_Test -->
    </test> <!-- Test -->
  </suite> <!-- Suite -->
</testng-results>
